<?xml version="1.0" encoding="UTF-8"?>
<!-- Generated by org.testng.reporters.JUnitReportReporter -->
<testsuite hostname="PUNAC3013L3486" name="mobileAutomation.MobileAutomationTest" tests="1" failures="0" timestamp="28 Mar 2018 18:44:29 GMT" time="77.476" errors="0">
  <testcase name="ebayAppPlaceOrder" time="77.476" classname="mobileAutomation.MobileAutomationTest"/>
</testsuite> <!-- mobileAutomation.MobileAutomationTest -->
