<?xml version="1.0" encoding="UTF-8"?>
<!-- Generated by org.testng.reporters.JUnitReportReporter -->
<testsuite hostname="PUNAC3013L3486" name="mobileAutomation.Ebay" tests="1" failures="0" timestamp="28 Mar 2018 16:55:23 GMT" time="65.804" errors="0">
  <testcase name="ebayAppPlaceOrder" time="65.804" classname="mobileAutomation.Ebay"/>
</testsuite> <!-- mobileAutomation.Ebay -->
