<?xml version="1.0" encoding="UTF-8"?>
<!-- Generated by org.testng.reporters.JUnitReportReporter -->
<testsuite hostname="PUNAC3013L3486" name="mobileAutomation.Ebay" tests="1" failures="0" timestamp="24 Mar 2018 09:26:48 GMT" time="75.526" errors="0">
  <testcase name="BuyPhone" time="75.526" classname="mobileAutomation.Ebay"/>
</testsuite> <!-- mobileAutomation.Ebay -->
