<?xml version="1.0" encoding="UTF-8"?>
<!-- Generated by org.testng.reporters.JUnitReportReporter -->
<testsuite hostname="PUNAC3013L3486" name="mobileAutomation.Ebay" tests="1" failures="0" timestamp="25 Mar 2018 05:48:54 GMT" time="74.687" errors="0">
  <testcase name="EbayAppTransactions" time="74.687" classname="mobileAutomation.Ebay"/>
</testsuite> <!-- mobileAutomation.Ebay -->
